\BOOKMARK [1][-]{section.1}{\376\377\133\236\232\214\166\356\166\204}{}% 1
\BOOKMARK [1][-]{section.2}{\376\377\230\171\166\356\176\323\147\204}{}% 2
\BOOKMARK [1][-]{section.3}{\376\377\123\237\164\006\213\364\146\016\000/\123\117\213\256\213\276\213\241\000\040}{}% 3
\BOOKMARK [2][-]{subsection.3.1}{\376\377\123\237\164\006\116\313\176\315}{section.3}% 4
\BOOKMARK [3][-]{subsubsection.3.1.1}{\376\377\000U\000D\000P}{subsection.3.1}% 5
\BOOKMARK [3][-]{subsubsection.3.1.2}{\376\377\150\041\232\214\124\214\147\072\122\066}{subsection.3.1}% 6
\BOOKMARK [3][-]{subsubsection.3.1.3}{\376\377\215\205\145\366\221\315\117\040\147\072\122\066}{subsection.3.1}% 7
\BOOKMARK [3][-]{subsubsection.3.1.4}{\376\377\156\321\122\250\172\227\123\343\147\072\122\066}{subsection.3.1}% 8
\BOOKMARK [3][-]{subsubsection.3.1.5}{\376\377\220\011\142\351\170\156\213\244\147\072\122\066}{subsection.3.1}% 9
\BOOKMARK [2][-]{subsection.3.2}{\376\377\142\245\145\207\213\276\213\241\000/\152\041\127\127\213\276\213\241}{section.3}% 10
\BOOKMARK [3][-]{subsubsection.3.2.1}{\376\377\201\352\133\232\116\111\145\160\143\156\142\245\145\207\150\074\137\017}{subsection.3.2}% 11
\BOOKMARK [3][-]{subsubsection.3.2.2}{\376\377\117\052\231\226\220\350\213\276\213\241\116\016\150\041\232\214\124\214\145\057\143\001}{subsection.3.2}% 12
\BOOKMARK [3][-]{subsubsection.3.2.3}{\376\377\123\321\220\001\172\357\156\321\122\250\172\227\123\343\176\323\147\204\213\276\213\241}{subsection.3.2}% 13
\BOOKMARK [3][-]{subsubsection.3.2.4}{\376\377\143\245\145\066\172\357\156\321\122\250\172\227\123\343\176\323\147\204\213\276\213\241}{subsection.3.2}% 14
\BOOKMARK [3][-]{subsubsection.3.2.5}{\376\377\213\276\213\241\140\073\176\323}{subsection.3.2}% 15
\BOOKMARK [2][-]{subsection.3.3}{\376\377\123\117\213\256\213\276\213\241}{section.3}% 16
\BOOKMARK [3][-]{subsubsection.3.3.1}{\376\377\217\336\143\245\173\241\164\006}{subsection.3.3}% 17
\BOOKMARK [3][-]{subsubsection.3.3.2}{\376\377\135\356\225\031\150\300\155\113\000\040}{subsection.3.3}% 18
\BOOKMARK [3][-]{subsubsection.3.3.3}{\376\377\170\156\213\244\221\315\117\040\000\040}{subsection.3.3}% 19
\BOOKMARK [3][-]{subsubsection.3.3.4}{\376\377\155\101\221\317\143\247\122\066\000\040}{subsection.3.3}% 20
\BOOKMARK [3][-]{subsubsection.3.3.5}{\376\377\142\345\130\136\143\247\122\066\000\040}{subsection.3.3}% 21
\BOOKMARK [1][-]{section.4}{\376\377\156\220\170\001\213\364\146\016}{}% 22
\BOOKMARK [2][-]{subsubsection.4.0.1}{\376\377\136\372\172\313\217\336\143\245\377\032\116\011\153\041\143\341\142\113}{section.4}% 23
\BOOKMARK [3][-]{subsubsection.4.0.2}{\376\377\000\040\145\207\116\366\116\244\116\222\121\306\131\007\135\345\117\134}{subsubsection.4.0.1}% 24
\BOOKMARK [3][-]{subsubsection.4.0.3}{\376\377\145\207\116\366\116\244\116\222\377\032\156\321\122\250\172\227\123\343\000+\000R\000E\000N\000O}{subsubsection.4.0.1}% 25
\BOOKMARK [3][-]{subsubsection.4.0.4}{\376\377\145\255\137\000\217\336\143\245\377\032\126\333\153\041\143\045\142\113}{subsubsection.4.0.1}% 26
\BOOKMARK [1][-]{section.5}{\376\377\140\047\200\375\122\006\147\220}{}% 27
\BOOKMARK [2][-]{subsection.5.1}{\376\377\133\236\232\214\145\160\143\156}{section.5}% 28
\BOOKMARK [2][-]{subsection.5.2}{\376\377\133\236\232\214\176\323\147\234\122\006\147\220}{section.5}% 29
\BOOKMARK [1][-]{section.6}{\376\377\140\073\176\323}{}% 30
